This file contains any messages produced by compilers while
running configure, to aid debugging if configure makes a mistake.

It was created by libffi configure 3.4.4, which was
generated by GNU Autoconf 2.71.  Invocation command line was

  $ ../configure -host aarch64-apple-darwin20

## --------- ##
## Platform. ##
## --------- ##

hostname = APPLEdeMacBook-Air-2.local
uname -m = arm64
uname -r = 21.6.0
uname -s = Darwin
uname -v = Darwin Kernel Version 21.6.0: Mon Dec 19 20:46:01 PST 2022; root:xnu-8020.240.18~2/RELEASE_ARM64_T8101

/usr/bin/uname -p = arm
/bin/uname -X     = unknown

/bin/arch              = unknown
/usr/bin/arch -k       = unknown
/usr/convex/getsysinfo = unknown
/usr/bin/hostinfo      = Mach kernel version:
	 Darwin Kernel Version 21.6.0: Mon Dec 19 20:46:01 PST 2022; root:xnu-8020.240.18~2/RELEASE_ARM64_T8101
Kernel configured for up to 8 processors.
8 processors are physically available.
8 processors are logically available.
Processor type: arm64e (ARM64E)
Processors active: 0 1 2 3 4 5 6 7
Primary memory available: 8.00 gigabytes
Default processor set: 387 tasks, 2774 threads, 8 processors
Load average: 5.63, Mach factor: 2.42
/bin/machine           = unknown
/usr/bin/oslevel       = unknown
/bin/universe          = unknown

PATH: /usr/gnu/bin/
PATH: /usr/local/bin/
PATH: /bin/
PATH: /usr/bin/
PATH: ./


## ----------- ##
## Core tests. ##
## ----------- ##

configure:3073: looking for aux files: ltmain.sh compile missing install-sh config.guess config.sub
configure:3086:  trying ../
configure:3115:   ../ltmain.sh found
configure:3115:   ../compile found
configure:3115:   ../missing found
configure:3097:   ../install-sh found
configure:3115:   ../config.guess found
configure:3115:   ../config.sub found
configure:3236: checking build system type
configure:3251: result: aarch64-apple-darwin21.6.0
configure:3271: checking host system type
configure:3285: result: aarch64-apple-darwin20
configure:3305: checking target system type
configure:3319: result: aarch64-apple-darwin20
configure:3417: checking for gsed
configure:3453: result: sed
configure:3482: checking for a BSD-compatible install
configure:3555: result: /usr/bin/install -c
configure:3566: checking whether build environment is sane
configure:3621: result: yes
configure:3673: checking for aarch64-apple-darwin20-strip
configure:3708: result: no
configure:3718: checking for strip
configure:3739: found /usr/bin/strip
configure:3750: result: strip
configure:3776: checking for a race-free mkdir -p
configure:3820: result: ../install-sh -c -d
configure:3827: checking for gawk
configure:3862: result: no
configure:3827: checking for mawk
configure:3862: result: no
configure:3827: checking for nawk
configure:3862: result: no
configure:3827: checking for awk
configure:3848: found /usr/bin/awk
configure:3859: result: awk
configure:3870: checking whether make sets $(MAKE)
configure:3893: result: yes
configure:3923: checking whether make supports nested variables
configure:3941: result: yes
configure:4105: checking for aarch64-apple-darwin20-gcc
configure:4137: result: xcrun -sdk iphonesimulator clang -target arm64-apple-ios-simulator
configure:4535: checking for C compiler version
configure:4544: xcrun -sdk iphonesimulator clang -target arm64-apple-ios-simulator --version >&5
Apple clang version 14.0.0 (clang-1400.0.29.202)
Target: arm64-apple-ios-simulator
Thread model: posix
InstalledDir: /Applications/Xcode.app/Contents/Developer/Toolchains/XcodeDefault.xctoolchain/usr/bin
configure:4555: $? = 0
configure:4544: xcrun -sdk iphonesimulator clang -target arm64-apple-ios-simulator -v >&5
Apple clang version 14.0.0 (clang-1400.0.29.202)
Target: arm64-apple-ios-simulator
Thread model: posix
InstalledDir: /Applications/Xcode.app/Contents/Developer/Toolchains/XcodeDefault.xctoolchain/usr/bin
configure:4555: $? = 0
configure:4544: xcrun -sdk iphonesimulator clang -target arm64-apple-ios-simulator -V >&5
clang: error: argument to '-V' is missing (expected 1 value)
clang: error: no input files
configure:4555: $? = 1
configure:4544: xcrun -sdk iphonesimulator clang -target arm64-apple-ios-simulator -qversion >&5
clang: error: unknown argument '-qversion'; did you mean '--version'?
clang: error: no input files
configure:4555: $? = 1
configure:4544: xcrun -sdk iphonesimulator clang -target arm64-apple-ios-simulator -version >&5
clang: error: unknown argument '-version'; did you mean '--version'?
clang: error: no input files
configure:4555: $? = 1
configure:4575: checking whether the C compiler works
configure:4597: xcrun -sdk iphonesimulator clang -target arm64-apple-ios-simulator -miphoneos-version-min=9.0 -fembed-bitcode   conftest.c  >&5
configure:4601: $? = 0
configure:4651: result: yes
configure:4654: checking for C compiler default output file name
configure:4656: result: a.out
configure:4662: checking for suffix of executables
configure:4669: xcrun -sdk iphonesimulator clang -target arm64-apple-ios-simulator -o conftest -miphoneos-version-min=9.0 -fembed-bitcode   conftest.c  >&5
configure:4673: $? = 0
configure:4696: result: 
configure:4718: checking whether we are cross compiling
configure:4726: xcrun -sdk iphonesimulator clang -target arm64-apple-ios-simulator -o conftest -miphoneos-version-min=9.0 -fembed-bitcode   conftest.c  >&5
configure:4730: $? = 0
configure:4737: ./conftest
dyld[41818]: DYLD_ROOT_PATH not set for simulator program

## ---------------- ##
## Cache variables. ##
## ---------------- ##

ac_cv_build=aarch64-apple-darwin21.6.0
ac_cv_env_CCASFLAGS_set=
ac_cv_env_CCASFLAGS_value=
ac_cv_env_CCAS_set=
ac_cv_env_CCAS_value=
ac_cv_env_CPPFLAGS_set=
ac_cv_env_CPPFLAGS_value=
ac_cv_env_CXXCPP_set=
ac_cv_env_CXXCPP_value=
ac_cv_env_LT_SYS_LIBRARY_PATH_set=
ac_cv_env_LT_SYS_LIBRARY_PATH_value=
ac_cv_env_build_alias_set=
ac_cv_env_build_alias_value=
ac_cv_env_host_alias_set=set
ac_cv_env_host_alias_value=aarch64-apple-darwin20
ac_cv_env_target_alias_set=
ac_cv_env_target_alias_value=
ac_cv_host=aarch64-apple-darwin20
ac_cv_path_ax_enable_builddir_sed=sed
ac_cv_path_install='/usr/bin/install -c'
ac_cv_prog_AWK=awk
ac_cv_prog_CC='xcrun -sdk iphonesimulator clang -target arm64-apple-ios-simulator'
ac_cv_prog_ac_ct_STRIP=strip
ac_cv_prog_make_make_set=yes
ac_cv_target=aarch64-apple-darwin20
am_cv_make_support_nested_variables=yes

## ----------------- ##
## Output variables. ##
## ----------------- ##

ACLOCAL='${SHELL} '\''/Users/sisi/Desktop/kivyApp拷貝/build/libffi/iphonesimulator-arm64/libffi-3.4.4/missing'\'' aclocal-1.16'
ALLOCA=''
AMDEPBACKSLASH=''
AMDEP_FALSE=''
AMDEP_TRUE=''
AMTAR='$${TAR-tar}'
AM_BACKSLASH='\'
AM_DEFAULT_V='$(AM_DEFAULT_VERBOSITY)'
AM_DEFAULT_VERBOSITY='1'
AM_LTLDFLAGS=''
AM_RUNTESTFLAGS=''
AM_V='$(V)'
AR=''
AUTOCONF='${SHELL} '\''/Users/sisi/Desktop/kivyApp拷貝/build/libffi/iphonesimulator-arm64/libffi-3.4.4/missing'\'' autoconf'
AUTOHEADER='${SHELL} '\''/Users/sisi/Desktop/kivyApp拷貝/build/libffi/iphonesimulator-arm64/libffi-3.4.4/missing'\'' autoheader'
AUTOMAKE='${SHELL} '\''/Users/sisi/Desktop/kivyApp拷貝/build/libffi/iphonesimulator-arm64/libffi-3.4.4/missing'\'' automake-1.16'
AWK='awk'
BUILD_DOCS_FALSE=''
BUILD_DOCS_TRUE=''
CC='xcrun -sdk iphonesimulator clang -target arm64-apple-ios-simulator'
CCAS=''
CCASDEPMODE=''
CCASFLAGS=''
CCDEPMODE=''
CFLAGS='-miphoneos-version-min=9.0 -fembed-bitcode'
CPPFLAGS=''
CSCOPE='cscope'
CTAGS='ctags'
CXX=''
CXXCPP=''
CXXDEPMODE=''
CXXFLAGS=''
CYGPATH_W='echo'
DEFS=''
DEPDIR=''
DLLTOOL=''
DSYMUTIL=''
DUMPBIN=''
ECHO_C='\c'
ECHO_N=''
ECHO_T=''
EGREP=''
ETAGS='etags'
EXEEXT=''
FFI_DEBUG_FALSE=''
FFI_DEBUG_TRUE=''
FFI_EXEC_TRAMPOLINE_TABLE=''
FFI_EXEC_TRAMPOLINE_TABLE_FALSE=''
FFI_EXEC_TRAMPOLINE_TABLE_TRUE=''
FGREP=''
FILECMD=''
GREP=''
HAVE_LONG_DOUBLE=''
HAVE_LONG_DOUBLE_VARIANT=''
INSTALL_DATA='${INSTALL} -m 644'
INSTALL_PROGRAM='${INSTALL}'
INSTALL_SCRIPT='${INSTALL}'
INSTALL_STRIP_PROGRAM='$(install_sh) -c -s'
LD='xcrun -sdk iphonesimulator ld -target arm64-apple-ios-simulator'
LDFLAGS=''
LIBFFI_BUILD_VERSIONED_SHLIB_FALSE=''
LIBFFI_BUILD_VERSIONED_SHLIB_GNU_FALSE=''
LIBFFI_BUILD_VERSIONED_SHLIB_GNU_TRUE=''
LIBFFI_BUILD_VERSIONED_SHLIB_SUN_FALSE=''
LIBFFI_BUILD_VERSIONED_SHLIB_SUN_TRUE=''
LIBFFI_BUILD_VERSIONED_SHLIB_TRUE=''
LIBOBJS=''
LIBS=''
LIBTOOL=''
LIPO=''
LN_S=''
LTLIBOBJS=''
LT_SYS_LIBRARY_PATH=''
MAINT=''
MAINTAINER_MODE_FALSE=''
MAINTAINER_MODE_TRUE=''
MAKEINFO='${SHELL} '\''/Users/sisi/Desktop/kivyApp拷貝/build/libffi/iphonesimulator-arm64/libffi-3.4.4/missing'\'' makeinfo'
MANIFEST_TOOL=''
MKDIR_P='../install-sh -c -d'
NM=''
NMEDIT=''
OBJDUMP=''
OBJEXT=''
OPT_LDFLAGS=''
OTOOL64=''
OTOOL=''
PACKAGE='libffi'
PACKAGE_BUGREPORT='http://github.com/libffi/libffi/issues'
PACKAGE_NAME='libffi'
PACKAGE_STRING='libffi 3.4.4'
PACKAGE_TARNAME='libffi'
PACKAGE_URL=''
PACKAGE_VERSION='3.4.4'
PATH_SEPARATOR=':'
PRTDIAG=''
RANLIB=''
READELF=''
SECTION_LDFLAGS=''
SED=''
SET_MAKE=''
SHELL='/bin/sh'
STRIP='strip'
TARGET=''
TARGETDIR=''
TARGET_OBJ=''
TESTSUBDIR_FALSE=''
TESTSUBDIR_TRUE=''
VERSION='3.4.4'
ac_ct_AR=''
ac_ct_CC=''
ac_ct_CXX=''
ac_ct_DUMPBIN=''
am__EXEEXT_FALSE=''
am__EXEEXT_TRUE=''
am__fastdepCCAS_FALSE=''
am__fastdepCCAS_TRUE=''
am__fastdepCC_FALSE=''
am__fastdepCC_TRUE=''
am__fastdepCXX_FALSE=''
am__fastdepCXX_TRUE=''
am__include=''
am__isrc=' -I$(srcdir)'
am__leading_dot='.'
am__nodep=''
am__quote=''
am__tar='$${TAR-tar} chof - "$$tardir"'
am__untar='$${TAR-tar} xf -'
ax_enable_builddir_sed='sed'
bindir='${exec_prefix}/bin'
build='aarch64-apple-darwin21.6.0'
build_alias=''
build_cpu='aarch64'
build_os='darwin21.6.0'
build_vendor='apple'
datadir='${datarootdir}'
datarootdir='${prefix}/share'
docdir='${datarootdir}/doc/${PACKAGE_TARNAME}'
dvidir='${docdir}'
exec_prefix='NONE'
host='aarch64-apple-darwin20'
host_alias='aarch64-apple-darwin20'
host_cpu='aarch64'
host_os='darwin20'
host_vendor='apple'
htmldir='${docdir}'
includedir='${prefix}/include'
infodir='${datarootdir}/info'
install_sh='${SHELL} /Users/sisi/Desktop/kivyApp拷貝/build/libffi/iphonesimulator-arm64/libffi-3.4.4/install-sh'
libdir='${exec_prefix}/lib'
libexecdir='${exec_prefix}/libexec'
localedir='${datarootdir}/locale'
localstatedir='${prefix}/var'
mandir='${datarootdir}/man'
mkdir_p='$(MKDIR_P)'
oldincludedir='/usr/include'
pdfdir='${docdir}'
prefix='NONE'
program_transform_name='s,x,x,'
psdir='${docdir}'
runstatedir='${localstatedir}/run'
sbindir='${exec_prefix}/sbin'
sharedstatedir='${prefix}/com'
sys_symbol_underscore=''
sysconfdir='${prefix}/etc'
target='aarch64-apple-darwin20'
target_alias='aarch64-apple-darwin20'
target_cpu='aarch64'
target_os='darwin20'
target_vendor='apple'
tmake_file=''
toolexecdir=''
toolexeclibdir=''

## ----------- ##
## confdefs.h. ##
## ----------- ##

/* confdefs.h */
#define PACKAGE_NAME "libffi"
#define PACKAGE_TARNAME "libffi"
#define PACKAGE_VERSION "3.4.4"
#define PACKAGE_STRING "libffi 3.4.4"
#define PACKAGE_BUGREPORT "http://github.com/libffi/libffi/issues"
#define PACKAGE_URL ""
#define PACKAGE "libffi"
#define VERSION "3.4.4"

configure: caught signal 1
configure: exit 1
